To honour the JVM settings for this build a single-use Daemon process will be forked. For more on this, please refer to https://docs.gradle.org/9.4.0/userguide/gradle_daemon.html#sec:disabling_the_daemon in the Gradle documentation.
Daemon will be stopped at the end of the build 

> Configure project :
(source dependency) :common:common:main -> :common:main
(source dependency) :common:forgelike:main -> :common:main
(source dependency) :common:forgelike:main -> :common:common:main
(source dependency) :common:modlauncher:main -> :common:main
(source dependency) :common:modlauncher:main -> :common:common:main
(source dependency) :common:modlauncher:main -> :common:forgelike:main
(source dependency) :common:neoforge:main -> :common:main
(source dependency) :common:neoforge:main -> :common:common:main
(source dependency) :common:neoforge:main -> :common:forgelike:main
(source dependency) :fabric:main -> :common:main
(source dependency) :fabric:main -> :common:common:main
(source dependency) :forge:service:main -> :common:main
(source dependency) :forge:service:main -> :common:common:main
(source dependency) :forge:service:main -> :common:modlauncher:main
(source dependency) :forge:service:main -> :common:forgelike:main
(source dependency) :neoforge:modlauncher:main -> :common:main
(source dependency) :neoforge:modlauncher:main -> :common:common:main
(source dependency) :neoforge:modlauncher:main -> :common:forgelike:main
(source dependency) :neoforge:modlauncher:main -> :common:modlauncher:main
(source dependency) :neoforge:modlauncher:main -> :common:neoforge:main
(source dependency) :neoforge:fancy-mod-loader:main -> :common:main
(source dependency) :neoforge:fancy-mod-loader:main -> :common:common:main
(source dependency) :neoforge:fancy-mod-loader:main -> :common:forgelike:main
(source dependency) :neoforge:fancy-mod-loader:main -> :common:neoforge:main
(source dependency) :version:fabric:20.1:main -> :common:main
(source dependency) :version:fabric:21.1:main -> :common:main
(source dependency) :version:fabric:26.1:main -> :common:main
(source dependency) :version:forge:20.1:main -> :common:main
(source dependency) :version:neoforge:21.1:main -> :common:main
(source dependency) :version:neoforge:21.10:main -> :common:main
(source dependency) :version:neoforge:26.1:main -> :common:main

> Task :tasks

------------------------------------------------------------
Tasks runnable from root project 'PreloadingTricks'
------------------------------------------------------------

Application tasks
-----------------
downloadAssets
downloadCommonCommonAssets
downloadCommonForgelikeAssets
downloadCommonModlauncherAssets
downloadCommonNeoforgeAssets
downloadFabricAssets
downloadForgeServiceAssets
downloadNeoforgeFancyModLoaderAssets
downloadNeoforgeModlauncherAssets
downloadTestAssets
downloadVersionFabric201Assets
downloadVersionFabric211Assets
downloadVersionFabric261Assets
downloadVersionForge201Assets
downloadVersionNeoforge2110Assets
downloadVersionNeoforge211Assets
downloadVersionNeoforge261Assets
extractCommonCommonNatives
extractCommonForgelikeNatives
extractCommonModlauncherNatives
extractCommonNeoforgeNatives
extractFabricNatives
extractForgeServiceNatives
extractNatives
extractNeoforgeFancyModLoaderNatives
extractNeoforgeModlauncherNatives
extractTestNatives
extractVersionFabric201Natives
extractVersionFabric211Natives
extractVersionFabric261Natives
extractVersionForge201Natives
extractVersionNeoforge2110Natives
extractVersionNeoforge211Natives
extractVersionNeoforge261Natives
runVersionFabric201Client
runVersionFabric211Client
runVersionFabric261Client
runVersionForge201Client
runVersionNeoforge2110Client
runVersionNeoforge211Client
runVersionNeoforge261Client

Build tasks
-----------
assemble - Assembles the outputs of this project.
build - Assembles and tests this project.
buildDependents - Assembles and tests this project and all projects that depend on it.
buildNeeded - Assembles and tests this project and all projects it depends on.
classes - Assembles main classes.
clean - Deletes the build directory.
commonCommonClasses - Assembles common common classes.
commonCommonJar - Assembles a jar archive containing the classes of the 'commonCommon' feature.
commonForgelikeClasses - Assembles common forgelike classes.
commonForgelikeJar - Assembles a jar archive containing the classes of the 'commonForgelike' feature.
commonModlauncherClasses - Assembles common modlauncher classes.
commonModlauncherJar - Assembles a jar archive containing the classes of the 'commonModlauncher' feature.
commonNeoforgeClasses - Assembles common neoforge classes.
commonNeoforgeJar - Assembles a jar archive containing the classes of the 'commonNeoforge' feature.
fabricClasses - Assembles fabric classes.
fabricIncludeJar
fabricJar - Assembles a jar archive containing the classes of the 'fabric' feature.
fabricRemapJar
forgeServiceClasses - Assembles forge service classes.
forgeServiceIncludeJar
forgeServiceJar - Assembles a jar archive containing the classes of the 'forgeService' feature.
forgeServiceRemapJar
jar - Assembles a jar archive containing the classes of the 'main' feature.
neoforgeFancyModLoaderClasses - Assembles neoforge fancy mod loader classes.
neoforgeFancyModLoaderIncludeJar
neoforgeFancyModLoaderJar - Assembles a jar archive containing the classes of the 'neoforgeFancyModLoader' feature.
neoforgeFancyModLoaderRemapJar
neoforgeModlauncherClasses - Assembles neoforge modlauncher classes.
neoforgeModlauncherIncludeJar
neoforgeModlauncherJar - Assembles a jar archive containing the classes of the 'neoforgeModlauncher' feature.
neoforgeModlauncherRemapJar
shadowContainersJar - Create a combined JAR of project and runtime dependencies
shadowJar - Create a combined JAR of project and runtime dependencies
shadowSourcesJar - Create a combined JAR of project and runtime dependencies
testClasses - Assembles test classes.
versionFabric201Classes - Assembles version fabric201 classes.
versionFabric201IncludeJar
versionFabric201Jar - Assembles a jar archive containing the classes of the 'versionFabric201' feature.
versionFabric201RemapJar
versionFabric211Classes - Assembles version fabric211 classes.
versionFabric211IncludeJar
versionFabric211Jar - Assembles a jar archive containing the classes of the 'versionFabric211' feature.
versionFabric211RemapJar
versionFabric261Classes - Assembles version fabric261 classes.
versionFabric261IncludeJar
versionFabric261Jar - Assembles a jar archive containing the classes of the 'versionFabric261' feature.
versionFabric261RemapJar
versionForge201Classes - Assembles version forge201 classes.
versionForge201IncludeJar
versionForge201Jar - Assembles a jar archive containing the classes of the 'versionForge201' feature.
versionForge201RemapJar
versionNeoforge2110Classes - Assembles version neoforge2110 classes.
versionNeoforge2110IncludeJar
versionNeoforge2110Jar - Assembles a jar archive containing the classes of the 'versionNeoforge2110' feature.
versionNeoforge2110RemapJar
versionNeoforge211Classes - Assembles version neoforge211 classes.
versionNeoforge211IncludeJar
versionNeoforge211Jar - Assembles a jar archive containing the classes of the 'versionNeoforge211' feature.
versionNeoforge211RemapJar
versionNeoforge261Classes - Assembles version neoforge261 classes.
versionNeoforge261IncludeJar
versionNeoforge261Jar - Assembles a jar archive containing the classes of the 'versionNeoforge261' feature.
versionNeoforge261RemapJar

Build Setup tasks
-----------------
init - Initializes a new Gradle build.
updateDaemonJvm - Generates or updates the Gradle Daemon JVM criteria.
wrapper - Generates Gradle wrapper files.

Documentation tasks
-------------------
commonCommonJavadoc - Generates Javadoc API documentation for the 'commonCommon' feature.
commonForgelikeJavadoc - Generates Javadoc API documentation for the 'commonForgelike' feature.
commonModlauncherJavadoc - Generates Javadoc API documentation for the 'commonModlauncher' feature.
commonNeoforgeJavadoc - Generates Javadoc API documentation for the 'commonNeoforge' feature.
fabricJavadoc - Generates Javadoc API documentation for the 'fabric' feature.
forgeServiceJavadoc - Generates Javadoc API documentation for the 'forgeService' feature.
javadoc - Generates Javadoc API documentation for the 'main' feature.
neoforgeFancyModLoaderJavadoc - Generates Javadoc API documentation for the 'neoforgeFancyModLoader' feature.
neoforgeModlauncherJavadoc - Generates Javadoc API documentation for the 'neoforgeModlauncher' feature.
versionFabric201Javadoc - Generates Javadoc API documentation for the 'versionFabric201' feature.
versionFabric211Javadoc - Generates Javadoc API documentation for the 'versionFabric211' feature.
versionFabric261Javadoc - Generates Javadoc API documentation for the 'versionFabric261' feature.
versionForge201Javadoc - Generates Javadoc API documentation for the 'versionForge201' feature.
versionNeoforge2110Javadoc - Generates Javadoc API documentation for the 'versionNeoforge2110' feature.
versionNeoforge211Javadoc - Generates Javadoc API documentation for the 'versionNeoforge211' feature.
versionNeoforge261Javadoc - Generates Javadoc API documentation for the 'versionNeoforge261' feature.

Help tasks
----------
artifactTransforms - Displays the Artifact Transforms that can be executed in root project 'PreloadingTricks'.
buildEnvironment - Displays all buildscript dependencies declared in root project 'PreloadingTricks'.
dependencies - Displays all dependencies declared in root project 'PreloadingTricks'.
dependencyInsight - Displays the insight into a specific dependency in root project 'PreloadingTricks'.
help - Displays a help message.
javaToolchains - Displays the detected java toolchains.
kotlinDslAccessorsReport - Prints the Kotlin code for accessing the currently available project extensions.
outgoingVariants - Displays the outgoing variants of root project 'PreloadingTricks'.
projects - Displays the sub-projects of root project 'PreloadingTricks'.
properties - Displays the properties of root project 'PreloadingTricks'.
resolvableConfigurations - Displays the configurations that can be resolved in root project 'PreloadingTricks'.
tasks - Displays the tasks runnable from root project 'PreloadingTricks'.

IDE tasks
---------
cleanIdea - Cleans IDEA project files (IML, IPR)
idea - Generates IDEA project files (IML, IPR, IWS)
openIdea - Opens the IDEA project

Minecraft-resolution tasks
--------------------------
generateForgeServiceClientExtra
generateNeoforgeFancyModLoaderClientExtra
generateNeoforgeModlauncherClientExtra
generateVersionForge201ClientExtra
generateVersionNeoforge2110ClientExtra
generateVersionNeoforge211ClientExtra
generateVersionNeoforge261ClientExtra
resolveFabricClient
resolveFabricClientMappings
resolveFabricCommon
resolveForgeServiceClientMappings
resolveForgeServicePatchedMinecraft
resolveNeoforgeFancyModLoaderClientMappings
resolveNeoforgeFancyModLoaderPatchedMinecraft
resolveNeoforgeModlauncherClientMappings
resolveNeoforgeModlauncherPatchedMinecraft
resolveVersionFabric201Client
resolveVersionFabric201ClientMappings
resolveVersionFabric201Common
resolveVersionFabric211Client
resolveVersionFabric211ClientMappings
resolveVersionFabric211Common
resolveVersionFabric261Client
resolveVersionFabric261ClientMappings
resolveVersionFabric261Common
resolveVersionForge201ClientMappings
resolveVersionForge201PatchedMinecraft
resolveVersionNeoforge2110ClientMappings
resolveVersionNeoforge2110PatchedMinecraft
resolveVersionNeoforge211ClientMappings
resolveVersionNeoforge211PatchedMinecraft
resolveVersionNeoforge261ClientMappings
resolveVersionNeoforge261PatchedMinecraft

Minecraft-stubs tasks
---------------------
createCommonApiStub
createCommonCommonApiStub
createCommonForgelikeApiStub
createCommonModlauncherApiStub
createCommonNeoforgeApiStub

Minecraft-transforms tasks
--------------------------
accessWidenFabricCommonMinecraft
accessWidenFabricMinecraft
accessWidenForgeServiceMinecraft
accessWidenNeoforgeFancyModLoaderMinecraft
accessWidenNeoforgeModlauncherMinecraft
accessWidenVersionFabric201CommonMinecraft
accessWidenVersionFabric201Minecraft
accessWidenVersionFabric211CommonMinecraft
accessWidenVersionFabric211Minecraft
accessWidenVersionFabric261CommonMinecraft
accessWidenVersionFabric261Minecraft
accessWidenVersionForge201Minecraft
accessWidenVersionNeoforge2110Minecraft
accessWidenVersionNeoforge211Minecraft
accessWidenVersionNeoforge261Minecraft
mixinFabricCommonMinecraft
mixinFabricMinecraft
mixinForgeServiceMinecraft
mixinNeoforgeFancyModLoaderMinecraft
mixinNeoforgeModlauncherMinecraft
mixinVersionFabric201CommonMinecraft
mixinVersionFabric201Minecraft
mixinVersionFabric211CommonMinecraft
mixinVersionFabric211Minecraft
mixinVersionFabric261CommonMinecraft
mixinVersionFabric261Minecraft
mixinVersionForge201Minecraft
mixinVersionNeoforge2110Minecraft
mixinVersionNeoforge211Minecraft
mixinVersionNeoforge261Minecraft
remapFabricClientMinecraftIntermediary
remapFabricClientMinecraftNamed
remapFabricCommonMinecraftIntermediary
remapFabricCommonMinecraftNamed
remapForgeServiceMinecraftNamed
remapNeoforgeFancyModLoaderMinecraftNamed
remapNeoforgeModlauncherMinecraftNamed
remapVersionFabric201ClientMinecraftIntermediary
remapVersionFabric201ClientMinecraftNamed
remapVersionFabric201CommonMinecraftIntermediary
remapVersionFabric201CommonMinecraftNamed
remapVersionFabric211ClientMinecraftIntermediary
remapVersionFabric211ClientMinecraftNamed
remapVersionFabric211CommonMinecraftIntermediary
remapVersionFabric211CommonMinecraftNamed
remapVersionFabric261ClientMinecraftIntermediary
remapVersionFabric261ClientMinecraftNamed
remapVersionFabric261CommonMinecraftIntermediary
remapVersionFabric261CommonMinecraftNamed
remapVersionForge201MinecraftNamed
remapVersionNeoforge2110MinecraftNamed
remapVersionNeoforge211MinecraftNamed
remapVersionNeoforge261MinecraftNamed

Publishing tasks
----------------
generateMetadataFileForMavenPublication - Generates the Gradle metadata file for publication 'maven'.
generatePomFileForMavenPublication - Generates the Maven POM file for publication 'maven'.
publish - Publishes all publications produced by this project.
publishMavenPublicationToMavenLocal - Publishes Maven publication 'maven' to the local Maven repository.
publishToMavenLocal - Publishes all Maven publications produced by this project to the local Maven cache.

Sources tasks
-------------
decompileFabricCommonMinecraft
decompileFabricMinecraft
decompileForgeServiceMinecraft
decompileNeoforgeFancyModLoaderMinecraft
decompileNeoforgeModlauncherMinecraft
decompileVersionFabric201CommonMinecraft
decompileVersionFabric201Minecraft
decompileVersionFabric211CommonMinecraft
decompileVersionFabric211Minecraft
decompileVersionFabric261CommonMinecraft
decompileVersionFabric261Minecraft
decompileVersionForge201Minecraft
decompileVersionNeoforge2110Minecraft
decompileVersionNeoforge211Minecraft
decompileVersionNeoforge261Minecraft

Verification tasks
------------------
check - Runs all checks.
test - Runs the test suite.

Versioning tasks
----------------
printVersion - Prints the project's configured version to standard out

Other tasks
-----------
cleanIdeaModule
cleanIdeaProject
cleanIdeaWorkspace
clocheIdeSync
compileCommonCommonJava - Compiles common common Java source.
compileCommonForgelikeJava - Compiles common forgelike Java source.
compileCommonModlauncherJava - Compiles common modlauncher Java source.
compileCommonNeoforgeJava - Compiles common neoforge Java source.
compileFabricJava - Compiles fabric Java source.
compileForgeServiceJava - Compiles forge service Java source.
compileJava - Compiles main Java source.
compileNeoforgeFancyModLoaderJava - Compiles neoforge fancy mod loader Java source.
compileNeoforgeModlauncherJava - Compiles neoforge modlauncher Java source.
compileTestJava - Compiles test Java source.
compileVersionFabric201Java - Compiles version fabric201 Java source.
compileVersionFabric211Java - Compiles version fabric211 Java source.
compileVersionFabric261Java - Compiles version fabric261 Java source.
compileVersionForge201Java - Compiles version forge201 Java source.
compileVersionNeoforge2110Java - Compiles version neoforge2110 Java source.
compileVersionNeoforge211Java - Compiles version neoforge211 Java source.
compileVersionNeoforge261Java - Compiles version neoforge261 Java source.
copyFabricMixins
copyForgeServiceMixins
copyNeoforgeFancyModLoaderMixins
copyNeoforgeModlauncherMixins
copyVersionFabric201Mixins
copyVersionFabric211Mixins
copyVersionFabric261Mixins
copyVersionForge201Mixins
copyVersionNeoforge2110Mixins
copyVersionNeoforge211Mixins
copyVersionNeoforge261Mixins
generateFabricMappingsArtifact
generateFabricModJson
generateForgeServiceAccessTransformer
generateForgeServiceMcpToSrg
generateForgeServiceModsToml
generateNeoforgeFancyModLoaderAccessTransformer
generateNeoforgeFancyModLoaderModsToml
generateNeoforgeModlauncherAccessTransformer
generateNeoforgeModlauncherModsToml
generateVersionFabric201MappingsArtifact
generateVersionFabric201ModJson
generateVersionFabric211MappingsArtifact
generateVersionFabric211ModJson
generateVersionFabric261MappingsArtifact
generateVersionFabric261ModJson
generateVersionForge201AccessTransformer
generateVersionForge201McpToSrg
generateVersionForge201ModsToml
generateVersionNeoforge2110AccessTransformer
generateVersionNeoforge2110ModsToml
generateVersionNeoforge211AccessTransformer
generateVersionNeoforge211ModsToml
generateVersionNeoforge261AccessTransformer
generateVersionNeoforge261ModsToml
ideaModule - Generates IDEA module files (IML)
ideaProject - Generates IDEA project file (IPR)
ideaWorkspace - Generates an IDEA workspace file (IWS)
loadFabricMappings
loadForgeServiceMappings
loadNeoforgeFancyModLoaderMappings
loadNeoforgeModlauncherMappings
loadVersionFabric201Mappings
loadVersionFabric211Mappings
loadVersionFabric261Mappings
loadVersionForge201Mappings
loadVersionNeoforge2110Mappings
loadVersionNeoforge211Mappings
loadVersionNeoforge261Mappings
mergeFabricAccessWideners
mergeVersionFabric201AccessWideners
mergeVersionFabric211AccessWideners
mergeVersionFabric261AccessWideners
prepareKotlinBuildScriptModel
prepareVersionFabric201ClientRun
prepareVersionFabric211ClientRun
prepareVersionFabric261ClientRun
prepareVersionForge201ClientRun
prepareVersionNeoforge2110ClientRun
prepareVersionNeoforge211ClientRun
prepareVersionNeoforge261ClientRun
processCommonCommonResources - Processes common common resources.
processCommonForgelikeResources - Processes common forgelike resources.
processCommonModlauncherResources - Processes common modlauncher resources.
processCommonNeoforgeResources - Processes common neoforge resources.
processFabricResources - Processes fabric resources.
processForgeServiceResources - Processes forge service resources.
processIdeaSettings
processNeoforgeFancyModLoaderResources - Processes neoforge fancy mod loader resources.
processNeoforgeModlauncherResources - Processes neoforge modlauncher resources.
processResources - Processes main resources.
processTestResources - Processes test resources.
processVersionFabric201Resources - Processes version fabric201 resources.
processVersionFabric211Resources - Processes version fabric211 resources.
processVersionFabric261Resources - Processes version fabric261 resources.
processVersionForge201Resources - Processes version forge201 resources.
processVersionNeoforge2110Resources - Processes version neoforge2110 resources.
processVersionNeoforge211Resources - Processes version neoforge211 resources.
processVersionNeoforge261Resources - Processes version neoforge261 resources.
writeFabricClientGameLibraries
writeFabricCommonGameLibraries
writeFabricRemapClasspath
writeForgeServiceLegacyClasspath
writeModId
writeNeoforgeFancyModLoaderLegacyClasspath
writeNeoforgeModlauncherLegacyClasspath
writeVersionFabric201ClientGameLibraries
writeVersionFabric201CommonGameLibraries
writeVersionFabric201RemapClasspath
writeVersionFabric211ClientGameLibraries
writeVersionFabric211CommonGameLibraries
writeVersionFabric211RemapClasspath
writeVersionFabric261ClientGameLibraries
writeVersionFabric261CommonGameLibraries
writeVersionFabric261RemapClasspath
writeVersionForge201LegacyClasspath
writeVersionNeoforge2110LegacyClasspath
writeVersionNeoforge211LegacyClasspath
writeVersionNeoforge261LegacyClasspath

Rules
-----
Pattern: clean<TaskName>: Cleans the output files of a task.
Pattern: build<ConfigurationName>: Assembles the artifacts of a configuration.

[Incubating] Problems report is available at: file:///D:/Projects/Minecraft/preloading-tricks/build/reports/problems/problems-report.html

Deprecated Gradle features were used in this build, making it incompatible with Gradle 10.

You can use '--warning-mode all' to show the individual deprecation warnings and determine if they come from your own scripts or plugins.

For more on this, please refer to https://docs.gradle.org/9.4.0/userguide/command_line_interface.html#sec:command_line_warnings in the Gradle documentation.

BUILD SUCCESSFUL in 14s
1 actionable task: 1 executed
Consider enabling configuration cache to speed up this build: https://docs.gradle.org/9.4.0/userguide/configuration_cache_enabling.html
