To honour the JVM settings for this build a single-use Daemon process will be forked. For more on this, please refer to https://docs.gradle.org/9.4.0/userguide/gradle_daemon.html#sec:disabling_the_daemon in the Gradle documentation.
Daemon will be stopped at the end of the build 

> Configure project :
(source dependency) :common:common:main -> :common:main
(source dependency) :common:forgelike:main -> :common:main
(source dependency) :common:forgelike:main -> :common:common:main
(source dependency) :common:modlauncher:main -> :common:main
(source dependency) :common:modlauncher:main -> :common:common:main
(source dependency) :common:modlauncher:main -> :common:forgelike:main
(source dependency) :common:neoforge:main -> :common:main
(source dependency) :common:neoforge:main -> :common:common:main
(source dependency) :common:neoforge:main -> :common:forgelike:main
(source dependency) :fabric:main -> :common:main
(source dependency) :fabric:main -> :common:common:main
(source dependency) :forge:service:main -> :common:main
(source dependency) :forge:service:main -> :common:common:main
(source dependency) :forge:service:main -> :common:modlauncher:main
(source dependency) :forge:service:main -> :common:forgelike:main
(source dependency) :neoforge:modlauncher:main -> :common:main
(source dependency) :neoforge:modlauncher:main -> :common:common:main
(source dependency) :neoforge:modlauncher:main -> :common:forgelike:main
(source dependency) :neoforge:modlauncher:main -> :common:modlauncher:main
(source dependency) :neoforge:modlauncher:main -> :common:neoforge:main
(source dependency) :neoforge:fancy-mod-loader:main -> :common:main
(source dependency) :neoforge:fancy-mod-loader:main -> :common:common:main
(source dependency) :neoforge:fancy-mod-loader:main -> :common:forgelike:main
(source dependency) :neoforge:fancy-mod-loader:main -> :common:neoforge:main
(source dependency) :version:fabric:20.1:main -> :common:main
(source dependency) :version:fabric:21.1:main -> :common:main
(source dependency) :version:fabric:26.1:main -> :common:main
(source dependency) :version:forge:20.1:main -> :common:main
(source dependency) :version:neoforge:21.1:main -> :common:main
(source dependency) :version:neoforge:21.10:main -> :common:main
(source dependency) :version:neoforge:26.1:main -> :common:main

> Task :resolveFabricClientMappings UP-TO-DATE
> Task :loadFabricMappings UP-TO-DATE
> Task :resolveFabricClient UP-TO-DATE
> Task :resolveFabricCommon UP-TO-DATE
> Task :remapFabricClientMinecraftIntermediary UP-TO-DATE
> Task :remapFabricCommonMinecraftIntermediary UP-TO-DATE
> Task :remapFabricCommonMinecraftNamed UP-TO-DATE
> Task :accessWidenFabricCommonMinecraft UP-TO-DATE
> Task :remapFabricClientMinecraftNamed UP-TO-DATE
> Task :accessWidenFabricMinecraft UP-TO-DATE
> Task :compileFabricJava UP-TO-DATE
> Task :copyFabricMixins NO-SOURCE
> Task :generateFabricModJson UP-TO-DATE
> Task :processFabricResources UP-TO-DATE
> Task :fabricClasses UP-TO-DATE
> Task :mergeFabricAccessWideners UP-TO-DATE
> Task :fabricJar UP-TO-DATE
> Task :fabricRemapJar UP-TO-DATE
> Task :fabricIncludeJar
> Task :generateForgeServiceClientExtra UP-TO-DATE
> Task :resolveForgeServiceClientMappings UP-TO-DATE
> Task :loadForgeServiceMappings UP-TO-DATE
> Task :resolveForgeServicePatchedMinecraft UP-TO-DATE
> Task :remapForgeServiceMinecraftNamed UP-TO-DATE
> Task :accessWidenForgeServiceMinecraft UP-TO-DATE
> Task :compileForgeServiceJava UP-TO-DATE
> Task :copyForgeServiceMixins NO-SOURCE
> Task :generateForgeServiceModsToml SKIPPED
> Task :processForgeServiceResources UP-TO-DATE
> Task :forgeServiceClasses UP-TO-DATE
> Task :generateForgeServiceAccessTransformer UP-TO-DATE
> Task :forgeServiceJar UP-TO-DATE
> Task :forgeServiceRemapJar UP-TO-DATE
> Task :forgeServiceIncludeJar UP-TO-DATE
> Task :generateNeoforgeFancyModLoaderClientExtra UP-TO-DATE
> Task :resolveNeoforgeFancyModLoaderClientMappings UP-TO-DATE
> Task :loadNeoforgeFancyModLoaderMappings UP-TO-DATE
> Task :resolveNeoforgeFancyModLoaderPatchedMinecraft UP-TO-DATE
> Task :accessWidenNeoforgeFancyModLoaderMinecraft UP-TO-DATE
> Task :generateNeoforgeModlauncherClientExtra UP-TO-DATE
> Task :resolveNeoforgeModlauncherClientMappings UP-TO-DATE
> Task :loadNeoforgeModlauncherMappings UP-TO-DATE
> Task :resolveNeoforgeModlauncherPatchedMinecraft UP-TO-DATE
> Task :accessWidenNeoforgeModlauncherMinecraft UP-TO-DATE
> Task :resolveVersionFabric201ClientMappings UP-TO-DATE
> Task :loadVersionFabric201Mappings UP-TO-DATE
> Task :resolveVersionFabric201Client UP-TO-DATE
> Task :resolveVersionFabric201Common UP-TO-DATE
> Task :remapVersionFabric201ClientMinecraftIntermediary UP-TO-DATE
> Task :remapVersionFabric201CommonMinecraftIntermediary UP-TO-DATE
> Task :remapVersionFabric201CommonMinecraftNamed UP-TO-DATE
> Task :accessWidenVersionFabric201CommonMinecraft UP-TO-DATE
> Task :remapVersionFabric201ClientMinecraftNamed UP-TO-DATE
> Task :accessWidenVersionFabric201Minecraft UP-TO-DATE
> Task :resolveVersionFabric211ClientMappings UP-TO-DATE
> Task :loadVersionFabric211Mappings UP-TO-DATE
> Task :resolveVersionFabric211Client UP-TO-DATE
> Task :resolveVersionFabric211Common UP-TO-DATE
> Task :remapVersionFabric211ClientMinecraftIntermediary UP-TO-DATE
> Task :remapVersionFabric211CommonMinecraftIntermediary UP-TO-DATE
> Task :remapVersionFabric211CommonMinecraftNamed UP-TO-DATE
> Task :accessWidenVersionFabric211CommonMinecraft UP-TO-DATE
> Task :remapVersionFabric211ClientMinecraftNamed UP-TO-DATE
> Task :accessWidenVersionFabric211Minecraft UP-TO-DATE
> Task :resolveVersionFabric261Common UP-TO-DATE
> Task :accessWidenVersionFabric261CommonMinecraft UP-TO-DATE
> Task :resolveVersionFabric261Client UP-TO-DATE
> Task :accessWidenVersionFabric261Minecraft UP-TO-DATE
> Task :generateVersionForge201ClientExtra UP-TO-DATE
> Task :resolveVersionForge201ClientMappings UP-TO-DATE
> Task :loadVersionForge201Mappings UP-TO-DATE
> Task :resolveVersionForge201PatchedMinecraft UP-TO-DATE
> Task :remapVersionForge201MinecraftNamed UP-TO-DATE
> Task :accessWidenVersionForge201Minecraft UP-TO-DATE
> Task :generateVersionNeoforge2110ClientExtra UP-TO-DATE
> Task :resolveVersionNeoforge2110ClientMappings UP-TO-DATE
> Task :loadVersionNeoforge2110Mappings UP-TO-DATE
> Task :resolveVersionNeoforge2110PatchedMinecraft UP-TO-DATE
> Task :accessWidenVersionNeoforge2110Minecraft UP-TO-DATE
> Task :generateVersionNeoforge211ClientExtra UP-TO-DATE
> Task :resolveVersionNeoforge211ClientMappings UP-TO-DATE
> Task :loadVersionNeoforge211Mappings UP-TO-DATE
> Task :resolveVersionNeoforge211PatchedMinecraft UP-TO-DATE
> Task :accessWidenVersionNeoforge211Minecraft UP-TO-DATE
> Task :resolveVersionNeoforge261PatchedMinecraft UP-TO-DATE
> Task :accessWidenVersionNeoforge261Minecraft UP-TO-DATE
> Task :createCommonApiStub UP-TO-DATE
> Task :compileJava NO-SOURCE
> Task :processResources NO-SOURCE
> Task :classes UP-TO-DATE
> Task :jar
> Task :compileNeoforgeFancyModLoaderJava UP-TO-DATE
> Task :generateNeoforgeFancyModLoaderAccessTransformer UP-TO-DATE
> Task :copyNeoforgeFancyModLoaderMixins NO-SOURCE
> Task :generateNeoforgeFancyModLoaderModsToml UP-TO-DATE
> Task :processNeoforgeFancyModLoaderResources UP-TO-DATE
> Task :neoforgeFancyModLoaderClasses UP-TO-DATE
> Task :neoforgeFancyModLoaderJar UP-TO-DATE
> Task :neoforgeFancyModLoaderIncludeJar UP-TO-DATE
> Task :compileNeoforgeModlauncherJava UP-TO-DATE
> Task :generateNeoforgeModlauncherAccessTransformer UP-TO-DATE
> Task :copyNeoforgeModlauncherMixins NO-SOURCE
> Task :generateNeoforgeModlauncherModsToml SKIPPED
> Task :processNeoforgeModlauncherResources UP-TO-DATE
> Task :neoforgeModlauncherClasses UP-TO-DATE
> Task :neoforgeModlauncherJar UP-TO-DATE
> Task :neoforgeModlauncherIncludeJar UP-TO-DATE
> Task :shadowJar SKIPPED
> Task :compileVersionFabric201Java NO-SOURCE
> Task :mergeVersionFabric201AccessWideners UP-TO-DATE
> Task :copyVersionFabric201Mixins NO-SOURCE
> Task :generateVersionFabric201ModJson SKIPPED
> Task :processVersionFabric201Resources NO-SOURCE
> Task :versionFabric201Classes UP-TO-DATE
> Task :versionFabric201Jar SKIPPED
> Task :versionFabric201RemapJar SKIPPED
> Task :versionFabric201IncludeJar SKIPPED
> Task :compileVersionFabric211Java NO-SOURCE
> Task :mergeVersionFabric211AccessWideners UP-TO-DATE
> Task :copyVersionFabric211Mixins NO-SOURCE
> Task :generateVersionFabric211ModJson SKIPPED
> Task :processVersionFabric211Resources NO-SOURCE
> Task :versionFabric211Classes UP-TO-DATE
> Task :versionFabric211Jar SKIPPED
> Task :versionFabric211RemapJar SKIPPED
> Task :versionFabric211IncludeJar SKIPPED
> Task :compileVersionFabric261Java NO-SOURCE
> Task :mergeVersionFabric261AccessWideners UP-TO-DATE
> Task :copyVersionFabric261Mixins NO-SOURCE
> Task :generateVersionFabric261ModJson SKIPPED
> Task :processVersionFabric261Resources NO-SOURCE
> Task :versionFabric261Classes UP-TO-DATE
> Task :versionFabric261Jar SKIPPED
> Task :versionFabric261IncludeJar SKIPPED
> Task :compileVersionForge201Java NO-SOURCE
> Task :generateVersionForge201AccessTransformer UP-TO-DATE
> Task :copyVersionForge201Mixins NO-SOURCE
> Task :generateVersionForge201ModsToml SKIPPED
> Task :processVersionForge201Resources NO-SOURCE
> Task :versionForge201Classes UP-TO-DATE
> Task :versionForge201Jar SKIPPED
> Task :versionForge201RemapJar SKIPPED
> Task :versionForge201IncludeJar SKIPPED
> Task :compileVersionNeoforge2110Java NO-SOURCE
> Task :generateVersionNeoforge2110AccessTransformer UP-TO-DATE
> Task :copyVersionNeoforge2110Mixins NO-SOURCE
> Task :generateVersionNeoforge2110ModsToml SKIPPED
> Task :processVersionNeoforge2110Resources NO-SOURCE
> Task :versionNeoforge2110Classes UP-TO-DATE
> Task :versionNeoforge2110Jar SKIPPED
> Task :versionNeoforge2110IncludeJar SKIPPED
> Task :compileVersionNeoforge211Java NO-SOURCE
> Task :generateVersionNeoforge211AccessTransformer UP-TO-DATE
> Task :copyVersionNeoforge211Mixins NO-SOURCE
> Task :generateVersionNeoforge211ModsToml SKIPPED
> Task :processVersionNeoforge211Resources NO-SOURCE
> Task :versionNeoforge211Classes UP-TO-DATE
> Task :versionNeoforge211Jar SKIPPED
> Task :versionNeoforge211IncludeJar SKIPPED
> Task :compileVersionNeoforge261Java NO-SOURCE
> Task :generateVersionNeoforge261AccessTransformer UP-TO-DATE
> Task :copyVersionNeoforge261Mixins NO-SOURCE
> Task :generateVersionNeoforge261ModsToml SKIPPED
> Task :processVersionNeoforge261Resources NO-SOURCE
> Task :versionNeoforge261Classes UP-TO-DATE
> Task :versionNeoforge261Jar SKIPPED
> Task :versionNeoforge261IncludeJar SKIPPED
> Task :assemble

> Task :shadowContainersJar
zip entry 'D:\Projects\Minecraft\preloading-tricks\build\libs\preloading-tricks-rollback-anchor\20260510-copier-update-exec-1-g5a333b4.dirty-forge-service.jar!assets/preloading_tricks/icon.png' will be copied to 'assets/preloading_tricks/icon.png', overwriting zip entry 'D:\Projects\Minecraft\preloading-tricks\build\libs\preloading-tricks-rollback-anchor\20260510-copier-update-exec-1-g5a333b4.dirty-fabric.jar!assets/preloading_tricks/icon.png', which has already been copied there.
zip entry 'D:\Projects\Minecraft\preloading-tricks\build\libs\preloading-tricks-rollback-anchor\20260510-copier-update-exec-1-g5a333b4.dirty-forge-service.jar!pack.mcmeta' will be copied to 'pack.mcmeta', overwriting zip entry 'D:\Projects\Minecraft\preloading-tricks\build\libs\preloading-tricks-rollback-anchor\20260510-copier-update-exec-1-g5a333b4.dirty-fabric.jar!pack.mcmeta', which has already been copied there.
zip entry 'D:\Projects\Minecraft\preloading-tricks\build\libs\preloading-tricks-rollback-anchor\20260510-copier-update-exec-1-g5a333b4.dirty-forge-service.jar!preloading_tricks.mixins.json' will be copied to 'preloading_tricks.mixins.json', overwriting zip entry 'D:\Projects\Minecraft\preloading-tricks\build\libs\preloading-tricks-rollback-anchor\20260510-copier-update-exec-1-g5a333b4.dirty-fabric.jar!preloading_tricks.mixins.json', which has already been copied there.
zip entry 'D:\Projects\Minecraft\preloading-tricks\build\libs\preloading-tricks-rollback-anchor\20260510-copier-update-exec-1-g5a333b4.dirty-neoforge-modlauncher.jar!META-INF/accesstransformer.cfg' will be copied to 'META-INF/accesstransformer.cfg', overwriting zip entry 'D:\Projects\Minecraft\preloading-tricks\build\libs\preloading-tricks-rollback-anchor\20260510-copier-update-exec-1-g5a333b4.dirty-forge-service.jar!META-INF/accesstransformer.cfg', which has already been copied there.
zip entry 'D:\Projects\Minecraft\preloading-tricks\build\libs\preloading-tricks-rollback-anchor\20260510-copier-update-exec-1-g5a333b4.dirty-neoforge-modlauncher.jar!META-INF/services/cpw.mods.modlauncher.api.ITransformationService' will be copied to 'META-INF/services/cpw.mods.modlauncher.api.ITransformationService', overwriting zip entry 'D:\Projects\Minecraft\preloading-tricks\build\libs\preloading-tricks-rollback-anchor\20260510-copier-update-exec-1-g5a333b4.dirty-forge-service.jar!META-INF/services/cpw.mods.modlauncher.api.ITransformationService', which has already been copied there.
zip entry 'D:\Projects\Minecraft\preloading-tricks\build\libs\preloading-tricks-rollback-anchor\20260510-copier-update-exec-1-g5a333b4.dirty-neoforge-modlauncher.jar!META-INF/services/settingdust.preloading_tricks.api.PreloadingEntrypoint' will be copied to 'META-INF/services/settingdust.preloading_tricks.api.PreloadingEntrypoint', overwriting zip entry 'D:\Projects\Minecraft\preloading-tricks\build\libs\preloading-tricks-rollback-anchor\20260510-copier-update-exec-1-g5a333b4.dirty-forge-service.jar!META-INF/services/settingdust.preloading_tricks.api.PreloadingEntrypoint', which has already been copied there.
zip entry 'D:\Projects\Minecraft\preloading-tricks\build\libs\preloading-tricks-rollback-anchor\20260510-copier-update-exec-1-g5a333b4.dirty-neoforge-modlauncher.jar!META-INF/services/settingdust.preloading_tricks.modlauncher.TransformationServiceCallback' will be copied to 'META-INF/services/settingdust.preloading_tricks.modlauncher.TransformationServiceCallback', overwriting zip entry 'D:\Projects\Minecraft\preloading-tricks\build\libs\preloading-tricks-rollback-anchor\20260510-copier-update-exec-1-g5a333b4.dirty-forge-service.jar!META-INF/services/settingdust.preloading_tricks.modlauncher.TransformationServiceCallback', which has already been copied there.
zip entry 'D:\Projects\Minecraft\preloading-tricks\build\libs\preloading-tricks-rollback-anchor\20260510-copier-update-exec-1-g5a333b4.dirty-neoforge-modlauncher.jar!assets/preloading_tricks/icon.png' will be copied to 'assets/preloading_tricks/icon.png', overwriting zip entry 'D:\Projects\Minecraft\preloading-tricks\build\libs\preloading-tricks-rollback-anchor\20260510-copier-update-exec-1-g5a333b4.dirty-fabric.jar!assets/preloading_tricks/icon.png', which has already been copied there.
zip entry 'D:\Projects\Minecraft\preloading-tricks\build\libs\preloading-tricks-rollback-anchor\20260510-copier-update-exec-1-g5a333b4.dirty-neoforge-modlauncher.jar!libs/boot/Reflect-1.6.3.jar' will be copied to 'libs/boot/Reflect-1.6.3.jar', overwriting zip entry 'D:\Projects\Minecraft\preloading-tricks\build\libs\preloading-tricks-rollback-anchor\20260510-copier-update-exec-1-g5a333b4.dirty-forge-service.jar!libs/boot/Reflect-1.6.3.jar', which has already been copied there.
zip entry 'D:\Projects\Minecraft\preloading-tricks\build\libs\preloading-tricks-rollback-anchor\20260510-copier-update-exec-1-g5a333b4.dirty-neoforge-modlauncher.jar!libs/boot/additionalclassprovider-1.15.0-SNAPSHOT.jar' will be copied to 'libs/boot/additionalclassprovider-1.15.0-SNAPSHOT.jar', overwriting zip entry 'D:\Projects\Minecraft\preloading-tricks\build\libs\preloading-tricks-rollback-anchor\20260510-copier-update-exec-1-g5a333b4.dirty-forge-service.jar!libs/boot/additionalclassprovider-1.15.0-SNAPSHOT.jar', which has already been copied there.
zip entry 'D:\Projects\Minecraft\preloading-tricks\build\libs\preloading-tricks-rollback-anchor\20260510-copier-update-exec-1-g5a333b4.dirty-neoforge-modlauncher.jar!libs/boot/byte-buddy-agent-1.18.8.jar' will be copied to 'libs/boot/byte-buddy-agent-1.18.8.jar', overwriting zip entry 'D:\Projects\Minecraft\preloading-tricks\build\libs\preloading-tricks-rollback-anchor\20260510-copier-update-exec-1-g5a333b4.dirty-forge-service.jar!libs/boot/byte-buddy-agent-1.18.8.jar', which has already been copied there.
zip entry 'D:\Projects\Minecraft\preloading-tricks\build\libs\preloading-tricks-rollback-anchor\20260510-copier-update-exec-1-g5a333b4.dirty-neoforge-modlauncher.jar!libs/boot/core-1.15.0-SNAPSHOT.jar' will be copied to 'libs/boot/core-1.15.0-SNAPSHOT.jar', overwriting zip entry 'D:\Projects\Minecraft\preloading-tricks\build\libs\preloading-tricks-rollback-anchor\20260510-copier-update-exec-1-g5a333b4.dirty-forge-service.jar!libs/boot/core-1.15.0-SNAPSHOT.jar', which has already been copied there.
zip entry 'D:\Projects\Minecraft\preloading-tricks\build\libs\preloading-tricks-rollback-anchor\20260510-copier-update-exec-1-g5a333b4.dirty-neoforge-modlauncher.jar!libs/boot/mixinstranslator-1.15.0-SNAPSHOT.jar' will be copied to 'libs/boot/mixinstranslator-1.15.0-SNAPSHOT.jar', overwriting zip entry 'D:\Projects\Minecraft\preloading-tricks\build\libs\preloading-tricks-rollback-anchor\20260510-copier-update-exec-1-g5a333b4.dirty-forge-service.jar!libs/boot/mixinstranslator-1.15.0-SNAPSHOT.jar', which has already been copied there.
zip entry 'D:\Projects\Minecraft\preloading-tricks\build\libs\preloading-tricks-rollback-anchor\20260510-copier-update-exec-1-g5a333b4.dirty-neoforge-modlauncher.jar!libs/boot/unchecked-1.9.2.jar' will be copied to 'libs/boot/unchecked-1.9.2.jar', overwriting zip entry 'D:\Projects\Minecraft\preloading-tricks\build\libs\preloading-tricks-rollback-anchor\20260510-copier-update-exec-1-g5a333b4.dirty-forge-service.jar!libs/boot/unchecked-1.9.2.jar', which has already been copied there.
zip entry 'D:\Projects\Minecraft\preloading-tricks\build\libs\preloading-tricks-rollback-anchor\20260510-copier-update-exec-1-g5a333b4.dirty-neoforge-modlauncher.jar!pack.mcmeta' will be copied to 'pack.mcmeta', overwriting zip entry 'D:\Projects\Minecraft\preloading-tricks\build\libs\preloading-tricks-rollback-anchor\20260510-copier-update-exec-1-g5a333b4.dirty-fabric.jar!pack.mcmeta', which has already been copied there.
zip entry 'D:\Projects\Minecraft\preloading-tricks\build\libs\preloading-tricks-rollback-anchor\20260510-copier-update-exec-1-g5a333b4.dirty-neoforge-modlauncher.jar!preloading_tricks.forgelike.classtransform.json' will be copied to 'preloading_tricks.forgelike.classtransform.json', overwriting zip entry 'D:\Projects\Minecraft\preloading-tricks\build\libs\preloading-tricks-rollback-anchor\20260510-copier-update-exec-1-g5a333b4.dirty-forge-service.jar!preloading_tricks.forgelike.classtransform.json', which has already been copied there.
zip entry 'D:\Projects\Minecraft\preloading-tricks\build\libs\preloading-tricks-rollback-anchor\20260510-copier-update-exec-1-g5a333b4.dirty-neoforge-modlauncher.jar!preloading_tricks.mixins.json' will be copied to 'preloading_tricks.mixins.json', overwriting zip entry 'D:\Projects\Minecraft\preloading-tricks\build\libs\preloading-tricks-rollback-anchor\20260510-copier-update-exec-1-g5a333b4.dirty-fabric.jar!preloading_tricks.mixins.json', which has already been copied there.
zip entry 'D:\Projects\Minecraft\preloading-tricks\build\libs\preloading-tricks-rollback-anchor\20260510-copier-update-exec-1-g5a333b4.dirty-neoforge-fancy-mod-loader.jar!META-INF/accesstransformer.cfg' will be copied to 'META-INF/accesstransformer.cfg', overwriting zip entry 'D:\Projects\Minecraft\preloading-tricks\build\libs\preloading-tricks-rollback-anchor\20260510-copier-update-exec-1-g5a333b4.dirty-forge-service.jar!META-INF/accesstransformer.cfg', which has already been copied there.
zip entry 'D:\Projects\Minecraft\preloading-tricks\build\libs\preloading-tricks-rollback-anchor\20260510-copier-update-exec-1-g5a333b4.dirty-neoforge-fancy-mod-loader.jar!META-INF/services/net.neoforged.neoforgespi.locating.IModFileCandidateLocator' will be copied to 'META-INF/services/net.neoforged.neoforgespi.locating.IModFileCandidateLocator', overwriting zip entry 'D:\Projects\Minecraft\preloading-tricks\build\libs\preloading-tricks-rollback-anchor\20260510-copier-update-exec-1-g5a333b4.dirty-neoforge-modlauncher.jar!META-INF/services/net.neoforged.neoforgespi.locating.IModFileCandidateLocator', which has already been copied there.
zip entry 'D:\Projects\Minecraft\preloading-tricks\build\libs\preloading-tricks-rollback-anchor\20260510-copier-update-exec-1-g5a333b4.dirty-neoforge-fancy-mod-loader.jar!META-INF/services/settingdust.preloading_tricks.api.ModCandidatesManager' will be copied to 'META-INF/services/settingdust.preloading_tricks.api.ModCandidatesManager', overwriting zip entry 'D:\Projects\Minecraft\preloading-tricks\build\libs\preloading-tricks-rollback-anchor\20260510-copier-update-exec-1-g5a333b4.dirty-neoforge-modlauncher.jar!META-INF/services/settingdust.preloading_tricks.api.ModCandidatesManager', which has already been copied there.
zip entry 'D:\Projects\Minecraft\preloading-tricks\build\libs\preloading-tricks-rollback-anchor\20260510-copier-update-exec-1-g5a333b4.dirty-neoforge-fancy-mod-loader.jar!META-INF/services/settingdust.preloading_tricks.api.ModManager' will be copied to 'META-INF/services/settingdust.preloading_tricks.api.ModManager', overwriting zip entry 'D:\Projects\Minecraft\preloading-tricks\build\libs\preloading-tricks-rollback-anchor\20260510-copier-update-exec-1-g5a333b4.dirty-neoforge-modlauncher.jar!META-INF/services/settingdust.preloading_tricks.api.ModManager', which has already been copied there.
zip entry 'D:\Projects\Minecraft\preloading-tricks\build\libs\preloading-tricks-rollback-anchor\20260510-copier-update-exec-1-g5a333b4.dirty-neoforge-fancy-mod-loader.jar!META-INF/services/settingdust.preloading_tricks.api.PreloadingEntrypoint' will be copied to 'META-INF/services/settingdust.preloading_tricks.api.PreloadingEntrypoint', overwriting zip entry 'D:\Projects\Minecraft\preloading-tricks\build\libs\preloading-tricks-rollback-anchor\20260510-copier-update-exec-1-g5a333b4.dirty-forge-service.jar!META-INF/services/settingdust.preloading_tricks.api.PreloadingEntrypoint', which has already been copied there.
zip entry 'D:\Projects\Minecraft\preloading-tricks\build\libs\preloading-tricks-rollback-anchor\20260510-copier-update-exec-1-g5a333b4.dirty-neoforge-fancy-mod-loader.jar!META-INF/services/settingdust.preloading_tricks.api.PreloadingTricksCallback' will be copied to 'META-INF/services/settingdust.preloading_tricks.api.PreloadingTricksCallback', overwriting zip entry 'D:\Projects\Minecraft\preloading-tricks\build\libs\preloading-tricks-rollback-anchor\20260510-copier-update-exec-1-g5a333b4.dirty-neoforge-modlauncher.jar!META-INF/services/settingdust.preloading_tricks.api.PreloadingTricksCallback', which has already been copied there.
zip entry 'D:\Projects\Minecraft\preloading-tricks\build\libs\preloading-tricks-rollback-anchor\20260510-copier-update-exec-1-g5a333b4.dirty-neoforge-fancy-mod-loader.jar!assets/preloading_tricks/icon.png' will be copied to 'assets/preloading_tricks/icon.png', overwriting zip entry 'D:\Projects\Minecraft\preloading-tricks\build\libs\preloading-tricks-rollback-anchor\20260510-copier-update-exec-1-g5a333b4.dirty-fabric.jar!assets/preloading_tricks/icon.png', which has already been copied there.
zip entry 'D:\Projects\Minecraft\preloading-tricks\build\libs\preloading-tricks-rollback-anchor\20260510-copier-update-exec-1-g5a333b4.dirty-neoforge-fancy-mod-loader.jar!pack.mcmeta' will be copied to 'pack.mcmeta', overwriting zip entry 'D:\Projects\Minecraft\preloading-tricks\build\libs\preloading-tricks-rollback-anchor\20260510-copier-update-exec-1-g5a333b4.dirty-fabric.jar!pack.mcmeta', which has already been copied there.
zip entry 'D:\Projects\Minecraft\preloading-tricks\build\libs\preloading-tricks-rollback-anchor\20260510-copier-update-exec-1-g5a333b4.dirty-neoforge-fancy-mod-loader.jar!preloading_tricks.forgelike.classtransform.json' will be copied to 'preloading_tricks.forgelike.classtransform.json', overwriting zip entry 'D:\Projects\Minecraft\preloading-tricks\build\libs\preloading-tricks-rollback-anchor\20260510-copier-update-exec-1-g5a333b4.dirty-forge-service.jar!preloading_tricks.forgelike.classtransform.json', which has already been copied there.
zip entry 'D:\Projects\Minecraft\preloading-tricks\build\libs\preloading-tricks-rollback-anchor\20260510-copier-update-exec-1-g5a333b4.dirty-neoforge-fancy-mod-loader.jar!preloading_tricks.mixins.json' will be copied to 'preloading_tricks.mixins.json', overwriting zip entry 'D:\Projects\Minecraft\preloading-tricks\build\libs\preloading-tricks-rollback-anchor\20260510-copier-update-exec-1-g5a333b4.dirty-fabric.jar!preloading_tricks.mixins.json', which has already been copied there.

> Task :shadowSourcesJar UP-TO-DATE
> Task :compileTestJava NO-SOURCE
> Task :processTestResources NO-SOURCE
> Task :testClasses UP-TO-DATE
> Task :test NO-SOURCE
> Task :check UP-TO-DATE
> Task :build

[Incubating] Problems report is available at: file:///D:/Projects/Minecraft/preloading-tricks/build/reports/problems/problems-report.html

Deprecated Gradle features were used in this build, making it incompatible with Gradle 10.

You can use '--warning-mode all' to show the individual deprecation warnings and determine if they come from your own scripts or plugins.

For more on this, please refer to https://docs.gradle.org/9.4.0/userguide/command_line_interface.html#sec:command_line_warnings in the Gradle documentation.

BUILD SUCCESSFUL in 30s
103 actionable tasks: 3 executed, 100 up-to-date
Consider enabling configuration cache to speed up this build: https://docs.gradle.org/9.4.0/userguide/configuration_cache_enabling.html
